WidgetApp/app/build/intermediates/manifest_merge_blame_file/debug/manifest-merger-blame-debug-report.txt
1<?xml version="1.0" encoding="utf-8"?>
2<manifest xmlns:android="http://schemas.android.com/apk/res/android"
3    package="com.example.widgetapp"
4    android:versionCode="1"
5    android:versionName="1.0" >
6
7    <uses-sdk
8        android:minSdkVersion="21"
9        android:targetSdkVersion="34" />
10
11    <uses-permission android:name="android.permission.INTERNET" />
11-->src\main\AndroidManifest.xml:4:5-67
11-->src\main\AndroidManifest.xml:4:22-64
12
13    <permission
13-->[androidx.core:core:1.9.0] AndroidManifest.xml:22:5-24:47
14        android:name="com.example.widgetapp.DYNAMIC_RECEIVER_NOT_EXPORTED_PERMISSION"
14-->[androidx.core:core:1.9.0] AndroidManifest.xml:23:9-81
15        android:protectionLevel="signature" />
15-->[androidx.core:core:1.9.0] AndroidManifest.xml:24:9-44
16
17    <uses-permission android:name="com.example.widgetapp.DYNAMIC_RECEIVER_NOT_EXPORTED_PERMISSION" />
17-->[androidx.core:core:1.9.0] AndroidManifest.xml:26:5-97
17-->[androidx.core:core:1.9.0] AndroidManifest.xml:26:22-94
18
19    <application
19-->src\main\AndroidManifest.xml:6:5-24:19
20        android:allowBackup="true"
20-->src\main\AndroidManifest.xml:7:9-35
21        android:appComponentFactory="androidx.core.app.CoreComponentFactory"
21-->[androidx.core:core:1.9.0] AndroidManifest.xml:28:18-86
22        android:debuggable="true"
23        android:extractNativeLibs="true"
24        android:icon="@mipmap/ic_launcher"
24-->src\main\AndroidManifest.xml:8:9-43
25        android:label="@string/app_name"
25-->src\main\AndroidManifest.xml:9:9-41
26        android:roundIcon="@mipmap/ic_launcher_round"
26-->src\main\AndroidManifest.xml:10:9-54
27        android:supportsRtl="true"
27-->src\main\AndroidManifest.xml:11:9-35
28        android:theme="@style/AppTheme" >
28-->src\main\AndroidManifest.xml:12:9-40
29        <receiver
29-->src\main\AndroidManifest.xml:14:9-23:20
30            android:name="com.example.widgetapp.NewAppWidget"
30-->src\main\AndroidManifest.xml:14:19-47
31            android:exported="false" >
31-->src\main\AndroidManifest.xml:15:13-37
32            <intent-filter>
32-->src\main\AndroidManifest.xml:16:13-18:29
33                <action android:name="android.appwidget.action.APPWIDGET_UPDATE" />
33-->src\main\AndroidManifest.xml:17:17-84
33-->src\main\AndroidManifest.xml:17:25-81
34            </intent-filter>
35
36            <meta-data
36-->src\main\AndroidManifest.xml:20:13-22:63
37                android:name="android.appwidget.provider"
37-->src\main\AndroidManifest.xml:21:17-58
38                android:resource="@xml/new_app_widget_info" />
38-->src\main\AndroidManifest.xml:22:17-60
39        </receiver>
40
41        <provider
41-->[androidx.emoji2:emoji2:1.2.0] AndroidManifest.xml:24:9-32:20
42            android:name="androidx.startup.InitializationProvider"
42-->[androidx.emoji2:emoji2:1.2.0] AndroidManifest.xml:25:13-67
43            android:authorities="com.example.widgetapp.androidx-startup"
43-->[androidx.emoji2:emoji2:1.2.0] AndroidManifest.xml:26:13-68
44            android:exported="false" >
44-->[androidx.emoji2:emoji2:1.2.0] AndroidManifest.xml:27:13-37
45            <meta-data
45-->[androidx.emoji2:emoji2:1.2.0] AndroidManifest.xml:29:13-31:52
46                android:name="androidx.emoji2.text.EmojiCompatInitializer"
46-->[androidx.emoji2:emoji2:1.2.0] AndroidManifest.xml:30:17-75
47                android:value="androidx.startup" />
47-->[androidx.emoji2:emoji2:1.2.0] AndroidManifest.xml:31:17-49
48            <meta-data
48-->[androidx.lifecycle:lifecycle-process:2.6.1] AndroidManifest.xml:29:13-31:52
49                android:name="androidx.lifecycle.ProcessLifecycleInitializer"
49-->[androidx.lifecycle:lifecycle-process:2.6.1] AndroidManifest.xml:30:17-78
50                android:value="androidx.startup" />
50-->[androidx.lifecycle:lifecycle-process:2.6.1] AndroidManifest.xml:31:17-49
51            <meta-data
51-->[androidx.profileinstaller:profileinstaller:1.3.0] AndroidManifest.xml:29:13-31:52
52                android:name="androidx.profileinstaller.ProfileInstallerInitializer"
52-->[androidx.profileinstaller:profileinstaller:1.3.0] AndroidManifest.xml:30:17-85
53                android:value="androidx.startup" />
53-->[androidx.profileinstaller:profileinstaller:1.3.0] AndroidManifest.xml:31:17-49
54        </provider>
55
56        <receiver
56-->[androidx.profileinstaller:profileinstaller:1.3.0] AndroidManifest.xml:34:9-52:20
57            android:name="androidx.profileinstaller.ProfileInstallReceiver"
57-->[androidx.profileinstaller:profileinstaller:1.3.0] AndroidManifest.xml:35:13-76
58            android:directBootAware="false"
58-->[androidx.profileinstaller:profileinstaller:1.3.0] AndroidManifest.xml:36:13-44
59            android:enabled="true"
59-->[androidx.profileinstaller:profileinstaller:1.3.0] AndroidManifest.xml:37:13-35
60            android:exported="true"
60-->[androidx.profileinstaller:profileinstaller:1.3.0] AndroidManifest.xml:38:13-36
61            android:permission="android.permission.DUMP" >
61-->[androidx.profileinstaller:profileinstaller:1.3.0] AndroidManifest.xml:39:13-57
62            <intent-filter>
62-->[androidx.profileinstaller:profileinstaller:1.3.0] AndroidManifest.xml:40:13-42:29
63                <action android:name="androidx.profileinstaller.action.INSTALL_PROFILE" />
63-->[androidx.profileinstaller:profileinstaller:1.3.0] AndroidManifest.xml:41:17-91
63-->[androidx.profileinstaller:profileinstaller:1.3.0] AndroidManifest.xml:41:25-88
64            </intent-filter>
65            <intent-filter>
65-->[androidx.profileinstaller:profileinstaller:1.3.0] AndroidManifest.xml:43:13-45:29
66                <action android:name="androidx.profileinstaller.action.SKIP_FILE" />
66-->[androidx.profileinstaller:profileinstaller:1.3.0] AndroidManifest.xml:44:17-85
66-->[androidx.profileinstaller:profileinstaller:1.3.0] AndroidManifest.xml:44:25-82
67            </intent-filter>
68            <intent-filter>
68-->[androidx.profileinstaller:profileinstaller:1.3.0] AndroidManifest.xml:46:13-48:29
69                <action android:name="androidx.profileinstaller.action.SAVE_PROFILE" />
69-->[androidx.profileinstaller:profileinstaller:1.3.0] AndroidManifest.xml:47:17-88
69-->[androidx.profileinstaller:profileinstaller:1.3.0] AndroidManifest.xml:47:25-85
70            </intent-filter>
71            <intent-filter>
71-->[androidx.profileinstaller:profileinstaller:1.3.0] AndroidManifest.xml:49:13-51:29
72                <action android:name="androidx.profileinstaller.action.BENCHMARK_OPERATION" />
72-->[androidx.profileinstaller:profileinstaller:1.3.0] AndroidManifest.xml:50:17-95
72-->[androidx.profileinstaller:profileinstaller:1.3.0] AndroidManifest.xml:50:25-92
73            </intent-filter>
74        </receiver>
75    </application>
76
77</manifest>